[2025-12-08 21:33:31] [INFO] ERP - Url Opened
[2025-12-08 21:35:01] [INFO] ERP - Url Opened
[2025-12-08 21:35:12] [INFO] ERP - Account created successfully for user: Vijay Mukhopadhyay
[2025-12-08 21:35:21] [INFO] ERP - Url Opened
[2025-12-08 21:35:21] [INFO] ERP - Starting test: verifyLoginUser
[2025-12-08 21:35:22] [INFO] ERP - Navigated to Sign Up / Login page
[2025-12-08 21:35:35] [INFO] ERP - Entered credentials and clicked login
[2025-12-08 21:35:36] [INFO] ERP - Login Successful - Delete Account button displayed
[2025-12-08 21:35:36] [INFO] ERP - Ending test: verifyLoginUser
[2025-12-08 21:35:47] [INFO] ERP - Url Opened
[2025-12-08 21:36:23] [INFO] ERP - Url Opened
[2025-12-08 21:36:23] [INFO] ERP - Starting test: verifyLoginUser
[2025-12-08 21:36:24] [INFO] ERP - Navigated to Sign Up / Login page
[2025-12-08 21:36:28] [INFO] ERP - Entered credentials and clicked login
[2025-12-08 21:36:28] [INFO] ERP - Login Successful - Delete Account button displayed
[2025-12-08 21:36:28] [INFO] ERP - Ending test: verifyLoginUser
[2025-12-08 21:36:37] [INFO] ERP - Success! Your details have been submitted successfully.
[2025-12-08 21:36:48] [INFO] ERP - Url Opened
[2025-12-08 21:36:48] [INFO] ERP - Starting test: Add to Cart
[2025-12-08 21:36:48] [INFO] ERP - Starting test: verifyLoginUser
[2025-12-08 21:36:50] [INFO] ERP - Navigated to Sign Up / Login page
[2025-12-08 21:36:50] [INFO] ERP - Entered credentials and clicked login
[2025-12-08 21:36:58] [INFO] ERP - Login Successful - Delete Account button displayed
[2025-12-08 21:36:58] [INFO] ERP - Ending test: verifyLoginUser
[2025-12-08 21:37:02] [INFO] ERP - Captured product price from Products page: Rs. 500
[2025-12-08 21:37:02] [INFO] ERP - Added product to cart.
[2025-12-08 21:37:08] [INFO] ERP - Opened View Cart page.
[2025-12-08 21:37:08] [INFO] ERP - View Cart Details -> Price: Rs. 500 | Quantity: 1
[2025-12-08 21:37:08] [INFO] ERP - Prosducts Has been added succesfully to the cart....
[2025-12-08 21:37:10] [INFO] ERP - Removed product from cart to maintain clean state for next test run.
[2025-12-08 21:37:10] [INFO] ERP - Ending test: addProductsInCart
[2025-12-08 21:37:26] [INFO] ERP - Url Opened
[2025-12-08 21:37:26] [INFO] ERP - Starting test: verifyLoginUser
[2025-12-08 21:37:28] [INFO] ERP - Navigated to Sign Up / Login page
[2025-12-08 21:37:29] [INFO] ERP - Entered credentials and clicked login
[2025-12-08 21:37:36] [INFO] ERP - Login Successful - Delete Account button displayed
[2025-12-08 21:37:36] [INFO] ERP - Ending test: verifyLoginUser
[2025-12-08 21:37:36] [INFO] ERP - Starting test: verify product quantity in cart
[2025-12-08 21:37:42] [INFO] ERP - Product quantity set to 4 and added to cart.
[2025-12-08 21:37:47] [INFO] ERP - Quantity displayed in cart: 4
[2025-12-08 21:37:47] [INFO] ERP - Product quantity matched successfully.
[2025-12-08 21:37:49] [INFO] ERP - Removed product from cart to maintain clean state for next test run.
[2025-12-08 21:37:49] [INFO] ERP - Ended test: verify product quantity in cart
[2025-12-08 21:38:18] [INFO] ERP - Url Opened
[2025-12-08 21:38:18] [INFO] ERP - Starting test: verifyLoginUser
[2025-12-08 21:38:20] [INFO] ERP - Navigated to Sign Up / Login page
[2025-12-08 21:38:25] [INFO] ERP - Entered credentials and clicked login
[2025-12-08 21:38:25] [INFO] ERP - Login Successful - Delete Account button displayed
[2025-12-08 21:38:25] [INFO] ERP - Ending test: verifyLoginUser
[2025-12-08 21:38:25] [INFO] ERP - Starting test: add review product
[2025-12-08 21:38:33] [INFO] ProductsDetailsPage - Waiting for success message to appear...
[2025-12-08 21:38:33] [INFO] ProductsDetailsPage - Success message found: Thank you for your review.
[2025-12-08 21:38:33] [INFO] ERP - Ending Test: Add review product
[2025-12-08 21:38:43] [INFO] ERP - Url Opened
[2025-12-08 21:38:43] [INFO] ERP - Starting test: verifyLoginUser
[2025-12-08 21:38:46] [INFO] ERP - Navigated to Sign Up / Login page
[2025-12-08 21:38:46] [INFO] ERP - Entered credentials and clicked login
[2025-12-08 21:38:51] [INFO] ERP - Login Successful - Delete Account button displayed
[2025-12-08 21:38:51] [INFO] ERP - Ending test: verifyLoginUser
[2025-12-08 21:38:51] [INFO] ERP - Starting test: verify subscription
[2025-12-08 21:38:51] [INFO] HomePage - Waiting for success message to appear...
[2025-12-08 21:38:51] [INFO] HomePage - Success message found: You have been successfully subscribed!
[2025-12-08 21:38:51] [INFO] HomePage - Waiting for success message to appear...
[2025-12-08 21:38:51] [INFO] HomePage - Success message found: You have been successfully subscribed!
[2025-12-08 21:38:51] [INFO] ERP - Ending Test: verify subscription
[2025-12-08 21:55:22] [INFO] ERP - Url Opened
[2025-12-08 21:58:11] [INFO] ERP - Url Opened
[2025-12-08 22:07:57] [INFO] ERP - Url Opened
[2025-12-08 22:08:29] [INFO] ERP - Account created successfully for user: Jagathi Dutta
[2025-12-08 22:08:45] [INFO] ERP - Url Opened
[2025-12-08 22:08:45] [INFO] ERP - Starting test: verifyLoginUser
[2025-12-08 22:08:51] [INFO] ERP - Navigated to Sign Up / Login page
[2025-12-08 22:08:56] [INFO] ERP - Entered credentials and clicked login
[2025-12-08 22:08:56] [INFO] ERP - Login Successful - Delete Account button displayed
[2025-12-08 22:08:56] [INFO] ERP - Ending test: verifyLoginUser
[2025-12-08 22:09:03] [INFO] ERP - Url Opened
[2025-12-08 22:09:15] [INFO] ERP - Url Opened
[2025-12-08 22:09:15] [INFO] ERP - Starting test: verifyLoginUser
[2025-12-08 22:09:16] [INFO] ERP - Navigated to Sign Up / Login page
[2025-12-08 22:09:17] [INFO] ERP - Entered credentials and clicked login
[2025-12-08 22:09:20] [INFO] ERP - Login Successful - Delete Account button displayed
[2025-12-08 22:09:20] [INFO] ERP - Ending test: verifyLoginUser
[2025-12-08 22:09:27] [INFO] ERP - Success! Your details have been submitted successfully.
[2025-12-08 22:09:42] [INFO] ERP - Url Opened
[2025-12-08 22:09:42] [INFO] ERP - Starting test: Add to Cart
[2025-12-08 22:09:42] [INFO] ERP - Starting test: verifyLoginUser
[2025-12-08 22:09:44] [INFO] ERP - Navigated to Sign Up / Login page
[2025-12-08 22:09:49] [INFO] ERP - Entered credentials and clicked login
[2025-12-08 22:09:50] [INFO] ERP - Login Successful - Delete Account button displayed
[2025-12-08 22:09:50] [INFO] ERP - Ending test: verifyLoginUser
[2025-12-08 22:09:54] [INFO] ERP - Captured product price from Products page: Rs. 500
[2025-12-08 22:09:54] [INFO] ERP - Added product to cart.
[2025-12-08 22:09:56] [INFO] ERP - Opened View Cart page.
[2025-12-08 22:09:56] [INFO] ERP - View Cart Details -> Price: Rs. 500 | Quantity: 1
[2025-12-08 22:09:56] [INFO] ERP - Prosducts Has been added succesfully to the cart....
[2025-12-08 22:09:58] [INFO] ERP - Removed product from cart to maintain clean state for next test run.
[2025-12-08 22:09:58] [INFO] ERP - Ending test: addProductsInCart
[2025-12-08 22:12:14] [INFO] ERP - Url Opened
[2025-12-08 22:12:14] [INFO] ERP - Starting test: verifyLoginUser
[2025-12-08 22:12:17] [INFO] ERP - Navigated to Sign Up / Login page
[2025-12-08 22:14:43] [INFO] ERP - Entered credentials and clicked login
[2025-12-08 22:15:32] [INFO] ERP - Url Opened
[2025-12-08 22:15:40] [INFO] ERP - Account created successfully for user: Gandharv Varma
[2025-12-08 22:15:45] [INFO] ERP - Url Opened
[2025-12-08 22:15:45] [INFO] ERP - Starting test: verifyLoginUser
[2025-12-08 22:15:48] [INFO] ERP - Navigated to Sign Up / Login page
[2025-12-08 22:15:49] [INFO] ERP - Entered credentials and clicked login
[2025-12-08 22:15:51] [INFO] ERP - Login Successful - Delete Account button displayed
[2025-12-08 22:15:51] [INFO] ERP - Ending test: verifyLoginUser
[2025-12-08 22:15:57] [INFO] ERP - Url Opened
[2025-12-08 22:16:33] [INFO] ERP - Url Opened
[2025-12-08 22:16:33] [INFO] ERP - Starting test: verifyLoginUser
[2025-12-08 22:16:34] [INFO] ERP - Navigated to Sign Up / Login page
[2025-12-08 22:16:35] [INFO] ERP - Entered credentials and clicked login
[2025-12-08 22:16:37] [INFO] ERP - Login Successful - Delete Account button displayed
[2025-12-08 22:16:37] [INFO] ERP - Ending test: verifyLoginUser
[2025-12-08 22:16:43] [INFO] ERP - Success! Your details have been submitted successfully.
[2025-12-08 22:18:50] [INFO] ERP - Url Opened
[2025-12-08 22:18:50] [INFO] ERP - Starting test: Add to Cart
[2025-12-08 22:18:50] [INFO] ERP - Starting test: verifyLoginUser
[2025-12-08 22:18:56] [INFO] ERP - Navigated to Sign Up / Login page
[2025-12-08 22:21:24] [INFO] ERP - Entered credentials and clicked login
[2025-12-08 22:21:24] [INFO] ERP - Login Successful - Delete Account button displayed
[2025-12-08 22:21:24] [INFO] ERP - Ending test: verifyLoginUser
[2025-12-08 22:21:33] [INFO] ERP - Captured product price from Products page: Rs. 500
[2025-12-08 22:21:33] [INFO] ERP - Added product to cart.
[2025-12-08 22:21:36] [INFO] ERP - Opened View Cart page.
[2025-12-08 22:21:37] [INFO] ERP - View Cart Details -> Price: Rs. 500 | Quantity: 1
[2025-12-08 22:21:37] [INFO] ERP - Prosducts Has been added succesfully to the cart....
[2025-12-08 22:21:39] [INFO] ERP - Removed product from cart to maintain clean state for next test run.
[2025-12-08 22:21:39] [INFO] ERP - Ending test: addProductsInCart
[2025-12-08 22:22:01] [INFO] ERP - Url Opened
[2025-12-08 22:22:01] [INFO] ERP - Starting test: verifyLoginUser
[2025-12-08 22:22:04] [INFO] ERP - Navigated to Sign Up / Login page
[2025-12-08 22:22:04] [INFO] ERP - Entered credentials and clicked login
[2025-12-08 22:22:10] [INFO] ERP - Login Successful - Delete Account button displayed
[2025-12-08 22:22:10] [INFO] ERP - Ending test: verifyLoginUser
[2025-12-08 22:22:10] [INFO] ERP - Starting test: verify product quantity in cart
[2025-12-08 22:22:17] [INFO] ERP - Product quantity set to 4 and added to cart.
[2025-12-08 22:22:21] [INFO] ERP - Quantity displayed in cart: 4
[2025-12-08 22:22:21] [INFO] ERP - Product quantity matched successfully.
[2025-12-08 22:22:23] [INFO] ERP - Removed product from cart to maintain clean state for next test run.
[2025-12-08 22:22:23] [INFO] ERP - Ended test: verify product quantity in cart
[2025-12-08 22:22:34] [INFO] ERP - Url Opened
[2025-12-08 22:22:34] [INFO] ERP - Starting test: verifyLoginUser
[2025-12-08 22:22:38] [INFO] ERP - Navigated to Sign Up / Login page
[2025-12-08 22:22:44] [INFO] ERP - Entered credentials and clicked login
[2025-12-08 22:22:44] [INFO] ERP - Login Successful - Delete Account button displayed
[2025-12-08 22:22:44] [INFO] ERP - Ending test: verifyLoginUser
[2025-12-08 22:22:44] [INFO] ERP - Starting test: add review product
[2025-12-08 22:22:50] [INFO] ProductsDetailsPage - Waiting for success message to appear...
[2025-12-08 22:22:50] [INFO] ProductsDetailsPage - Success message found: Thank you for your review.
[2025-12-08 22:22:50] [INFO] ERP - Ending Test: Add review product
[2025-12-08 22:22:58] [INFO] ERP - Url Opened
[2025-12-08 22:22:58] [INFO] ERP - Starting test: verifyLoginUser
[2025-12-08 22:22:59] [INFO] ERP - Navigated to Sign Up / Login page
[2025-12-08 22:23:08] [INFO] ERP - Entered credentials and clicked login
[2025-12-08 22:23:08] [INFO] ERP - Login Successful - Delete Account button displayed
[2025-12-08 22:23:08] [INFO] ERP - Ending test: verifyLoginUser
[2025-12-08 22:23:08] [INFO] ERP - Starting test: verify subscription
[2025-12-08 22:23:08] [INFO] HomePage - Waiting for success message to appear...
[2025-12-08 22:23:08] [INFO] HomePage - Success message found: You have been successfully subscribed!
[2025-12-08 22:23:08] [INFO] HomePage - Waiting for success message to appear...
[2025-12-08 22:23:08] [INFO] HomePage - Success message found: You have been successfully subscribed!
[2025-12-08 22:23:08] [INFO] ERP - Ending Test: verify subscription
